This file contains any messages produced by compilers while
running configure, to aid debugging if configure makes a mistake.

It was created by YTalk configure 3.3.0, which was
generated by GNU Autoconf 2.59.  Invocation command line was

  $ ./configure --host=i486-linux-gnu --build=i486-linux-gnu --prefix=/usr --mandir=${prefix}/share/man --sysconfdir=/etc --without-x

## --------- ##
## Platform. ##
## --------- ##

hostname = ikaruga.co.uk
uname -m = i686
uname -r = 2.6.8-2-686
uname -s = Linux
uname -v = #1 Thu May 19 17:53:30 JST 2005

/usr/bin/uname -p = unknown
/bin/uname -X     = unknown

/bin/arch              = i686
/usr/bin/arch -k       = unknown
/usr/convex/getsysinfo = unknown
hostinfo               = unknown
/bin/machine           = unknown
/usr/bin/oslevel       = unknown
/bin/universe          = unknown

PATH: /usr/local/bin
PATH: /usr/bin
PATH: /bin
PATH: /usr/bin/X11
PATH: /usr/games


## ----------- ##
## Core tests. ##
## ----------- ##

configure:1357: checking for a BSD-compatible install
configure:1412: result: /usr/bin/install -c
configure:1423: checking whether build environment is sane
configure:1466: result: yes
configure:1531: checking for gawk
configure:1560: result: no
configure:1531: checking for mawk
configure:1547: found /usr/bin/mawk
configure:1557: result: mawk
configure:1567: checking whether make sets $(MAKE)
configure:1587: result: yes
configure:1797: checking for i486-linux-gnu-gcc
configure:1813: found /usr/bin/i486-linux-gnu-gcc
configure:1823: result: i486-linux-gnu-gcc
configure:2105: checking for C compiler version
configure:2108: i486-linux-gnu-gcc --version </dev/null >&5
i486-linux-gnu-gcc (GCC) 4.2.3 20071014 (prerelease) (Debian 4.2.2-3)
Copyright (C) 2007 Free Software Foundation, Inc.
This is free software; see the source for copying conditions.  There is NO
warranty; not even for MERCHANTABILITY or FITNESS FOR A PARTICULAR PURPOSE.

configure:2111: $? = 0
configure:2113: i486-linux-gnu-gcc -v </dev/null >&5
Using built-in specs.
Target: i486-linux-gnu
Configured with: ../src/configure -v --enable-languages=c,c++,fortran,objc,obj-c++,treelang --prefix=/usr --enable-shared --with-system-zlib --libexecdir=/usr/lib --without-included-gettext --enable-threads=posix --enable-nls --with-gxx-include-dir=/usr/include/c++/4.2 --program-suffix=-4.2 --enable-clocale=gnu --enable-libstdcxx-debug --enable-mpfr --enable-targets=all --enable-checking=release --build=i486-linux-gnu --host=i486-linux-gnu --target=i486-linux-gnu
Thread model: posix
gcc version 4.2.3 20071014 (prerelease) (Debian 4.2.2-3)
configure:2116: $? = 0
configure:2118: i486-linux-gnu-gcc -V </dev/null >&5
i486-linux-gnu-gcc: '-V' option must have argument
configure:2121: $? = 1
configure:2144: checking for C compiler default output file name
configure:2147: i486-linux-gnu-gcc -Wall -g -O2   conftest.c  >&5
configure:2150: $? = 0
configure:2196: result: a.out
configure:2201: checking whether the C compiler works
configure:2207: ./a.out
configure:2210: $? = 0
configure:2227: result: yes
configure:2234: checking whether we are cross compiling
configure:2236: result: no
configure:2239: checking for suffix of executables
configure:2241: i486-linux-gnu-gcc -o conftest -Wall -g -O2   conftest.c  >&5
configure:2244: $? = 0
configure:2269: result: 
configure:2275: checking for suffix of object files
configure:2296: i486-linux-gnu-gcc -c -Wall -g -O2  conftest.c >&5
configure:2299: $? = 0
configure:2321: result: o
configure:2325: checking whether we are using the GNU C compiler
configure:2349: i486-linux-gnu-gcc -c -Wall -g -O2  conftest.c >&5
configure:2355: $? = 0
configure:2359: test -z 
			 || test ! -s conftest.err
configure:2362: $? = 0
configure:2365: test -s conftest.o
configure:2368: $? = 0
configure:2381: result: yes
configure:2387: checking whether i486-linux-gnu-gcc accepts -g
configure:2408: i486-linux-gnu-gcc -c -g  conftest.c >&5
configure:2414: $? = 0
configure:2418: test -z 
			 || test ! -s conftest.err
configure:2421: $? = 0
configure:2424: test -s conftest.o
configure:2427: $? = 0
configure:2438: result: yes
configure:2455: checking for i486-linux-gnu-gcc option to accept ANSI C
configure:2525: i486-linux-gnu-gcc  -c -Wall -g -O2  conftest.c >&5
configure:2531: $? = 0
configure:2535: test -z 
			 || test ! -s conftest.err
configure:2538: $? = 0
configure:2541: test -s conftest.o
configure:2544: $? = 0
configure:2562: result: none needed
configure:2580: i486-linux-gnu-gcc -c -Wall -g -O2  conftest.c >&5
conftest.c:2: error: expected '=', ',', ';', 'asm' or '__attribute__' before 'me'
configure:2586: $? = 1
configure: failed program was:
| #ifndef __cplusplus
|   choke me
| #endif
configure:2730: checking for style of include used by make
configure:2758: result: GNU
configure:2786: checking dependency style of i486-linux-gnu-gcc
configure:2876: result: none
configure:2898: checking how to run the C preprocessor
configure:2933: i486-linux-gnu-gcc -E  conftest.c
configure:2939: $? = 0
configure:2971: i486-linux-gnu-gcc -E  conftest.c
conftest.c:13:28: error: ac_nonexistent.h: No such file or directory
configure:2977: $? = 1
configure: failed program was:
| /* confdefs.h.  */
| 
| #define PACKAGE_NAME "YTalk"
| #define PACKAGE_TARNAME "ytalk"
| #define PACKAGE_VERSION "3.3.0"
| #define PACKAGE_STRING "YTalk 3.3.0"
| #define PACKAGE_BUGREPORT ""
| #define PACKAGE "ytalk"
| #define VERSION "3.3.0"
| #define sysconfdir "/etc"
| #define SYSTEM_YTALKRC "/etc/ytalkrc"
| /* end confdefs.h.  */
| #include <ac_nonexistent.h>
configure:3016: result: i486-linux-gnu-gcc -E
configure:3040: i486-linux-gnu-gcc -E  conftest.c
configure:3046: $? = 0
configure:3078: i486-linux-gnu-gcc -E  conftest.c
conftest.c:13:28: error: ac_nonexistent.h: No such file or directory
configure:3084: $? = 1
configure: failed program was:
| /* confdefs.h.  */
| 
| #define PACKAGE_NAME "YTalk"
| #define PACKAGE_TARNAME "ytalk"
| #define PACKAGE_VERSION "3.3.0"
| #define PACKAGE_STRING "YTalk 3.3.0"
| #define PACKAGE_BUGREPORT ""
| #define PACKAGE "ytalk"
| #define VERSION "3.3.0"
| #define sysconfdir "/etc"
| #define SYSTEM_YTALKRC "/etc/ytalkrc"
| /* end confdefs.h.  */
| #include <ac_nonexistent.h>
configure:3140: checking for a BSD-compatible install
configure:3195: result: /usr/bin/install -c
configure:3206: checking whether make sets $(MAKE)
configure:3226: result: yes
configure:3238: checking for egrep
configure:3248: result: grep -E
configure:3253: checking for ANSI C header files
configure:3278: i486-linux-gnu-gcc -c -Wall -g -O2  conftest.c >&5
configure:3284: $? = 0
configure:3288: test -z 
			 || test ! -s conftest.err
configure:3291: $? = 0
configure:3294: test -s conftest.o
configure:3297: $? = 0
configure:3386: i486-linux-gnu-gcc -o conftest -Wall -g -O2   conftest.c  >&5
conftest.c: In function 'main':
conftest.c:30: warning: implicit declaration of function 'exit'
conftest.c:30: warning: incompatible implicit declaration of built-in function 'exit'
configure:3389: $? = 0
configure:3391: ./conftest
configure:3394: $? = 0
configure:3409: result: yes
configure:3433: checking for sys/types.h
configure:3449: i486-linux-gnu-gcc -c -Wall -g -O2  conftest.c >&5
configure:3455: $? = 0
configure:3459: test -z 
			 || test ! -s conftest.err
configure:3462: $? = 0
configure:3465: test -s conftest.o
configure:3468: $? = 0
configure:3479: result: yes
configure:3433: checking for sys/stat.h
configure:3449: i486-linux-gnu-gcc -c -Wall -g -O2  conftest.c >&5
configure:3455: $? = 0
configure:3459: test -z 
			 || test ! -s conftest.err
configure:3462: $? = 0
configure:3465: test -s conftest.o
configure:3468: $? = 0
configure:3479: result: yes
configure:3433: checking for stdlib.h
configure:3449: i486-linux-gnu-gcc -c -Wall -g -O2  conftest.c >&5
configure:3455: $? = 0
configure:3459: test -z 
			 || test ! -s conftest.err
configure:3462: $? = 0
configure:3465: test -s conftest.o
configure:3468: $? = 0
configure:3479: result: yes
configure:3433: checking for string.h
configure:3449: i486-linux-gnu-gcc -c -Wall -g -O2  conftest.c >&5
configure:3455: $? = 0
configure:3459: test -z 
			 || test ! -s conftest.err
configure:3462: $? = 0
configure:3465: test -s conftest.o
configure:3468: $? = 0
configure:3479: result: yes
configure:3433: checking for memory.h
configure:3449: i486-linux-gnu-gcc -c -Wall -g -O2  conftest.c >&5
configure:3455: $? = 0
configure:3459: test -z 
			 || test ! -s conftest.err
configure:3462: $? = 0
configure:3465: test -s conftest.o
configure:3468: $? = 0
configure:3479: result: yes
configure:3433: checking for strings.h
configure:3449: i486-linux-gnu-gcc -c -Wall -g -O2  conftest.c >&5
configure:3455: $? = 0
configure:3459: test -z 
			 || test ! -s conftest.err
configure:3462: $? = 0
configure:3465: test -s conftest.o
configure:3468: $? = 0
configure:3479: result: yes
configure:3433: checking for inttypes.h
configure:3449: i486-linux-gnu-gcc -c -Wall -g -O2  conftest.c >&5
configure:3455: $? = 0
configure:3459: test -z 
			 || test ! -s conftest.err
configure:3462: $? = 0
configure:3465: test -s conftest.o
configure:3468: $? = 0
configure:3479: result: yes
configure:3433: checking for stdint.h
configure:3449: i486-linux-gnu-gcc -c -Wall -g -O2  conftest.c >&5
configure:3455: $? = 0
configure:3459: test -z 
			 || test ! -s conftest.err
configure:3462: $? = 0
configure:3465: test -s conftest.o
configure:3468: $? = 0
configure:3479: result: yes
configure:3433: checking for unistd.h
configure:3449: i486-linux-gnu-gcc -c -Wall -g -O2  conftest.c >&5
configure:3455: $? = 0
configure:3459: test -z 
			 || test ! -s conftest.err
configure:3462: $? = 0
configure:3465: test -s conftest.o
configure:3468: $? = 0
configure:3479: result: yes
configure:3491: checking for long
configure:3515: i486-linux-gnu-gcc -c -Wall -g -O2  conftest.c >&5
configure:3521: $? = 0
configure:3525: test -z 
			 || test ! -s conftest.err
configure:3528: $? = 0
configure:3531: test -s conftest.o
configure:3534: $? = 0
configure:3545: result: yes
configure:3548: checking size of long
configure:3867: i486-linux-gnu-gcc -o conftest -Wall -g -O2   conftest.c  >&5
configure:3870: $? = 0
configure:3872: ./conftest
configure:3875: $? = 0
configure:3898: result: 4
configure:3905: checking for u_int
configure:3929: i486-linux-gnu-gcc -c -Wall -g -O2  conftest.c >&5
configure:3935: $? = 0
configure:3939: test -z 
			 || test ! -s conftest.err
configure:3942: $? = 0
configure:3945: test -s conftest.o
configure:3948: $? = 0
configure:3959: result: yes
configure:3962: checking size of u_int
configure:4281: i486-linux-gnu-gcc -o conftest -Wall -g -O2   conftest.c  >&5
configure:4284: $? = 0
configure:4286: ./conftest
configure:4289: $? = 0
configure:4312: result: 4
configure:4334: checking for initscr in -lncurses
configure:4364: i486-linux-gnu-gcc -o conftest -Wall -g -O2   conftest.c -lncurses   >&5
configure:4370: $? = 0
configure:4374: test -z 
			 || test ! -s conftest.err
configure:4377: $? = 0
configure:4380: test -s conftest
configure:4383: $? = 0
configure:4396: result: yes
configure:4417: checking ncurses.h usability
configure:4429: i486-linux-gnu-gcc -c -Wall -g -O2  conftest.c >&5
configure:4435: $? = 0
configure:4439: test -z 
			 || test ! -s conftest.err
configure:4442: $? = 0
configure:4445: test -s conftest.o
configure:4448: $? = 0
configure:4458: result: yes
configure:4462: checking ncurses.h presence
configure:4472: i486-linux-gnu-gcc -E  conftest.c
configure:4478: $? = 0
configure:4498: result: yes
configure:4533: checking for ncurses.h
configure:4540: result: yes
configure:5300: checking for keypad in -lncurses
configure:5330: i486-linux-gnu-gcc -o conftest -Wall -g -O2   conftest.c -lncurses   -lncurses >&5
configure:5336: $? = 0
configure:5340: test -z 
			 || test ! -s conftest.err
configure:5343: $? = 0
configure:5346: test -s conftest
configure:5349: $? = 0
configure:5362: result: yes
configure:5446: checking for tcgetattr
configure:5503: i486-linux-gnu-gcc -o conftest -Wall -g -O2   conftest.c  -lncurses >&5
configure:5509: $? = 0
configure:5513: test -z 
			 || test ! -s conftest.err
configure:5516: $? = 0
configure:5519: test -s conftest
configure:5522: $? = 0
configure:5534: result: yes
configure:5552: checking termios.h usability
configure:5564: i486-linux-gnu-gcc -c -Wall -g -O2  conftest.c >&5
configure:5570: $? = 0
configure:5574: test -z 
			 || test ! -s conftest.err
configure:5577: $? = 0
configure:5580: test -s conftest.o
configure:5583: $? = 0
configure:5593: result: yes
configure:5597: checking termios.h presence
configure:5607: i486-linux-gnu-gcc -E  conftest.c
configure:5613: $? = 0
configure:5633: result: yes
configure:5668: checking for termios.h
configure:5675: result: yes
configure:5864: checking for socket
configure:5921: i486-linux-gnu-gcc -o conftest -Wall -g -O2   conftest.c  -lncurses >&5
configure:5927: $? = 0
configure:5931: test -z 
			 || test ! -s conftest.err
configure:5934: $? = 0
configure:5937: test -s conftest
configure:5940: $? = 0
configure:5952: result: yes
configure:6037: checking for gethostbyname
configure:6094: i486-linux-gnu-gcc -o conftest -Wall -g -O2   conftest.c  -lncurses >&5
configure:6100: $? = 0
configure:6104: test -z 
			 || test ! -s conftest.err
configure:6107: $? = 0
configure:6110: test -s conftest
configure:6113: $? = 0
configure:6125: result: yes
configure:6211: checking for ANSI C header files
configure:6367: result: yes
configure:6377: checking for sys/wait.h that is POSIX.1 compatible
configure:6408: i486-linux-gnu-gcc -c -Wall -g -O2  conftest.c >&5
configure:6414: $? = 0
configure:6418: test -z 
			 || test ! -s conftest.err
configure:6421: $? = 0
configure:6424: test -s conftest.o
configure:6427: $? = 0
configure:6438: result: yes
configure:6468: checking fcntl.h usability
configure:6480: i486-linux-gnu-gcc -c -Wall -g -O2  conftest.c >&5
configure:6486: $? = 0
configure:6490: test -z 
			 || test ! -s conftest.err
configure:6493: $? = 0
configure:6496: test -s conftest.o
configure:6499: $? = 0
configure:6509: result: yes
configure:6513: checking fcntl.h presence
configure:6523: i486-linux-gnu-gcc -E  conftest.c
configure:6529: $? = 0
configure:6549: result: yes
configure:6584: checking for fcntl.h
configure:6591: result: yes
configure:6468: checking netdb.h usability
configure:6480: i486-linux-gnu-gcc -c -Wall -g -O2  conftest.c >&5
configure:6486: $? = 0
configure:6490: test -z 
			 || test ! -s conftest.err
configure:6493: $? = 0
configure:6496: test -s conftest.o
configure:6499: $? = 0
configure:6509: result: yes
configure:6513: checking netdb.h presence
configure:6523: i486-linux-gnu-gcc -E  conftest.c
configure:6529: $? = 0
configure:6549: result: yes
configure:6584: checking for netdb.h
configure:6591: result: yes
configure:6468: checking netinet/in.h usability
configure:6480: i486-linux-gnu-gcc -c -Wall -g -O2  conftest.c >&5
configure:6486: $? = 0
configure:6490: test -z 
			 || test ! -s conftest.err
configure:6493: $? = 0
configure:6496: test -s conftest.o
configure:6499: $? = 0
configure:6509: result: yes
configure:6513: checking netinet/in.h presence
configure:6523: i486-linux-gnu-gcc -E  conftest.c
configure:6529: $? = 0
configure:6549: result: yes
configure:6584: checking for netinet/in.h
configure:6591: result: yes
configure:6468: checking sys/ioctl.h usability
configure:6480: i486-linux-gnu-gcc -c -Wall -g -O2  conftest.c >&5
configure:6486: $? = 0
configure:6490: test -z 
			 || test ! -s conftest.err
configure:6493: $? = 0
configure:6496: test -s conftest.o
configure:6499: $? = 0
configure:6509: result: yes
configure:6513: checking sys/ioctl.h presence
configure:6523: i486-linux-gnu-gcc -E  conftest.c
configure:6529: $? = 0
configure:6549: result: yes
configure:6584: checking for sys/ioctl.h
configure:6591: result: yes
configure:6468: checking sys/time.h usability
configure:6480: i486-linux-gnu-gcc -c -Wall -g -O2  conftest.c >&5
configure:6486: $? = 0
configure:6490: test -z 
			 || test ! -s conftest.err
configure:6493: $? = 0
configure:6496: test -s conftest.o
configure:6499: $? = 0
configure:6509: result: yes
configure:6513: checking sys/time.h presence
configure:6523: i486-linux-gnu-gcc -E  conftest.c
configure:6529: $? = 0
configure:6549: result: yes
configure:6584: checking for sys/time.h
configure:6591: result: yes
configure:6459: checking for unistd.h
configure:6464: result: yes
configure:6468: checking stropts.h usability
configure:6480: i486-linux-gnu-gcc -c -Wall -g -O2  conftest.c >&5
configure:6486: $? = 0
configure:6490: test -z 
			 || test ! -s conftest.err
configure:6493: $? = 0
configure:6496: test -s conftest.o
configure:6499: $? = 0
configure:6509: result: yes
configure:6513: checking stropts.h presence
configure:6523: i486-linux-gnu-gcc -E  conftest.c
configure:6529: $? = 0
configure:6549: result: yes
configure:6584: checking for stropts.h
configure:6591: result: yes
configure:6624: checking iovec.h usability
configure:6636: i486-linux-gnu-gcc -c -Wall -g -O2  conftest.c >&5
conftest.c:71:19: error: iovec.h: No such file or directory
configure:6642: $? = 1
configure: failed program was:
| /* confdefs.h.  */
| 
| #define PACKAGE_NAME "YTalk"
| #define PACKAGE_TARNAME "ytalk"
| #define PACKAGE_VERSION "3.3.0"
| #define PACKAGE_STRING "YTalk 3.3.0"
| #define PACKAGE_BUGREPORT ""
| #define PACKAGE "ytalk"
| #define VERSION "3.3.0"
| #define sysconfdir "/etc"
| #define SYSTEM_YTALKRC "/etc/ytalkrc"
| #define STDC_HEADERS 1
| #define HAVE_SYS_TYPES_H 1
| #define HAVE_SYS_STAT_H 1
| #define HAVE_STDLIB_H 1
| #define HAVE_STRING_H 1
| #define HAVE_MEMORY_H 1
| #define HAVE_STRINGS_H 1
| #define HAVE_INTTYPES_H 1
| #define HAVE_STDINT_H 1
| #define HAVE_UNISTD_H 1
| #define SIZEOF_LONG 4
| #define SIZEOF_U_INT 4
| #define HAVE_NCURSES_H 1
| #define HAVE_KEYPAD 1
| #define HAVE_TERMIOS_H 1
| #define STDC_HEADERS 1
| #define HAVE_SYS_WAIT_H 1
| #define HAVE_FCNTL_H 1
| #define HAVE_NETDB_H 1
| #define HAVE_NETINET_IN_H 1
| #define HAVE_SYS_IOCTL_H 1
| #define HAVE_SYS_TIME_H 1
| #define HAVE_UNISTD_H 1
| #define HAVE_STROPTS_H 1
| /* end confdefs.h.  */
| #include <stdio.h>
| #if HAVE_SYS_TYPES_H
| # include <sys/types.h>
| #endif
| #if HAVE_SYS_STAT_H
| # include <sys/stat.h>
| #endif
| #if STDC_HEADERS
| # include <stdlib.h>
| # include <stddef.h>
| #else
| # if HAVE_STDLIB_H
| #  include <stdlib.h>
| # endif
| #endif
| #if HAVE_STRING_H
| # if !STDC_HEADERS && HAVE_MEMORY_H
| #  include <memory.h>
| # endif
| # include <string.h>
| #endif
| #if HAVE_STRINGS_H
| # include <strings.h>
| #endif
| #if HAVE_INTTYPES_H
| # include <inttypes.h>
| #else
| # if HAVE_STDINT_H
| #  include <stdint.h>
| # endif
| #endif
| #if HAVE_UNISTD_H
| # include <unistd.h>
| #endif
| #include <iovec.h>
configure:6665: result: no
configure:6669: checking iovec.h presence
configure:6679: i486-linux-gnu-gcc -E  conftest.c
conftest.c:37:19: error: iovec.h: No such file or directory
configure:6685: $? = 1
configure: failed program was:
| /* confdefs.h.  */
| 
| #define PACKAGE_NAME "YTalk"
| #define PACKAGE_TARNAME "ytalk"
| #define PACKAGE_VERSION "3.3.0"
| #define PACKAGE_STRING "YTalk 3.3.0"
| #define PACKAGE_BUGREPORT ""
| #define PACKAGE "ytalk"
| #define VERSION "3.3.0"
| #define sysconfdir "/etc"
| #define SYSTEM_YTALKRC "/etc/ytalkrc"
| #define STDC_HEADERS 1
| #define HAVE_SYS_TYPES_H 1
| #define HAVE_SYS_STAT_H 1
| #define HAVE_STDLIB_H 1
| #define HAVE_STRING_H 1
| #define HAVE_MEMORY_H 1
| #define HAVE_STRINGS_H 1
| #define HAVE_INTTYPES_H 1
| #define HAVE_STDINT_H 1
| #define HAVE_UNISTD_H 1
| #define SIZEOF_LONG 4
| #define SIZEOF_U_INT 4
| #define HAVE_NCURSES_H 1
| #define HAVE_KEYPAD 1
| #define HAVE_TERMIOS_H 1
| #define STDC_HEADERS 1
| #define HAVE_SYS_WAIT_H 1
| #define HAVE_FCNTL_H 1
| #define HAVE_NETDB_H 1
| #define HAVE_NETINET_IN_H 1
| #define HAVE_SYS_IOCTL_H 1
| #define HAVE_SYS_TIME_H 1
| #define HAVE_UNISTD_H 1
| #define HAVE_STROPTS_H 1
| /* end confdefs.h.  */
| #include <iovec.h>
configure:6705: result: no
configure:6740: checking for iovec.h
configure:6747: result: no
configure:6624: checking sys/uio.h usability
configure:6636: i486-linux-gnu-gcc -c -Wall -g -O2  conftest.c >&5
configure:6642: $? = 0
configure:6646: test -z 
			 || test ! -s conftest.err
configure:6649: $? = 0
configure:6652: test -s conftest.o
configure:6655: $? = 0
configure:6665: result: yes
configure:6669: checking sys/uio.h presence
configure:6679: i486-linux-gnu-gcc -E  conftest.c
configure:6685: $? = 0
configure:6705: result: yes
configure:6740: checking for sys/uio.h
configure:6747: result: yes
configure:6615: checking for stdlib.h
configure:6620: result: yes
configure:6615: checking for string.h
configure:6620: result: yes
configure:6624: checking sys/param.h usability
configure:6636: i486-linux-gnu-gcc -c -Wall -g -O2  conftest.c >&5
configure:6642: $? = 0
configure:6646: test -z 
			 || test ! -s conftest.err
configure:6649: $? = 0
configure:6652: test -s conftest.o
configure:6655: $? = 0
configure:6665: result: yes
configure:6669: checking sys/param.h presence
configure:6679: i486-linux-gnu-gcc -E  conftest.c
configure:6685: $? = 0
configure:6705: result: yes
configure:6740: checking for sys/param.h
configure:6747: result: yes
configure:6624: checking arpa/inet.h usability
configure:6636: i486-linux-gnu-gcc -c -Wall -g -O2  conftest.c >&5
configure:6642: $? = 0
configure:6646: test -z 
			 || test ! -s conftest.err
configure:6649: $? = 0
configure:6652: test -s conftest.o
configure:6655: $? = 0
configure:6665: result: yes
configure:6669: checking arpa/inet.h presence
configure:6679: i486-linux-gnu-gcc -E  conftest.c
configure:6685: $? = 0
configure:6705: result: yes
configure:6740: checking for arpa/inet.h
configure:6747: result: yes
configure:6615: checking for sys/stat.h
configure:6620: result: yes
configure:6761: checking for size_t
configure:6785: i486-linux-gnu-gcc -c -Wall -g -O2  conftest.c >&5
configure:6791: $? = 0
configure:6795: test -z 
			 || test ! -s conftest.err
configure:6798: $? = 0
configure:6801: test -s conftest.o
configure:6804: $? = 0
configure:6815: result: yes
configure:6827: checking return type of signal handlers
configure:6858: i486-linux-gnu-gcc -c -Wall -g -O2  conftest.c >&5
conftest.c: In function 'main':
conftest.c:57: warning: unused variable 'i'
configure:6864: $? = 0
configure:6868: test -z 
			 || test ! -s conftest.err
configure:6871: $? = 0
configure:6874: test -s conftest.o
configure:6877: $? = 0
configure:6888: result: void
configure:6896: checking whether time.h and sys/time.h may both be included
configure:6921: i486-linux-gnu-gcc -c -Wall -g -O2  conftest.c >&5
configure:6927: $? = 0
configure:6931: test -z 
			 || test ! -s conftest.err
configure:6934: $? = 0
configure:6937: test -s conftest.o
configure:6940: $? = 0
configure:6951: result: yes
configure:6961: checking for uid_t in sys/types.h
configure:6984: result: yes
configure:7000: checking for ssize_t
configure:7024: i486-linux-gnu-gcc -c -Wall -g -O2  conftest.c >&5
configure:7030: $? = 0
configure:7034: test -z 
			 || test ! -s conftest.err
configure:7037: $? = 0
configure:7040: test -s conftest.o
configure:7043: $? = 0
configure:7054: result: yes
configure:7067: checking for socklen_t
configure:7094: i486-linux-gnu-gcc -c -Wall -g -O2  conftest.c >&5
configure:7100: $? = 0
configure:7104: test -z 
			 || test ! -s conftest.err
configure:7107: $? = 0
configure:7110: test -s conftest.o
configure:7113: $? = 0
configure:7124: result: yes
configure:7149: checking util.h usability
configure:7161: i486-linux-gnu-gcc -c -Wall -g -O2  conftest.c >&5
conftest.c:80:18: error: util.h: No such file or directory
configure:7167: $? = 1
configure: failed program was:
| /* confdefs.h.  */
| 
| #define PACKAGE_NAME "YTalk"
| #define PACKAGE_TARNAME "ytalk"
| #define PACKAGE_VERSION "3.3.0"
| #define PACKAGE_STRING "YTalk 3.3.0"
| #define PACKAGE_BUGREPORT ""
| #define PACKAGE "ytalk"
| #define VERSION "3.3.0"
| #define sysconfdir "/etc"
| #define SYSTEM_YTALKRC "/etc/ytalkrc"
| #define STDC_HEADERS 1
| #define HAVE_SYS_TYPES_H 1
| #define HAVE_SYS_STAT_H 1
| #define HAVE_STDLIB_H 1
| #define HAVE_STRING_H 1
| #define HAVE_MEMORY_H 1
| #define HAVE_STRINGS_H 1
| #define HAVE_INTTYPES_H 1
| #define HAVE_STDINT_H 1
| #define HAVE_UNISTD_H 1
| #define SIZEOF_LONG 4
| #define SIZEOF_U_INT 4
| #define HAVE_NCURSES_H 1
| #define HAVE_KEYPAD 1
| #define HAVE_TERMIOS_H 1
| #define STDC_HEADERS 1
| #define HAVE_SYS_WAIT_H 1
| #define HAVE_FCNTL_H 1
| #define HAVE_NETDB_H 1
| #define HAVE_NETINET_IN_H 1
| #define HAVE_SYS_IOCTL_H 1
| #define HAVE_SYS_TIME_H 1
| #define HAVE_UNISTD_H 1
| #define HAVE_STROPTS_H 1
| #define HAVE_SYS_UIO_H 1
| #define HAVE_STDLIB_H 1
| #define HAVE_STRING_H 1
| #define HAVE_SYS_PARAM_H 1
| #define HAVE_ARPA_INET_H 1
| #define HAVE_SYS_STAT_H 1
| #define RETSIGTYPE void
| #define TIME_WITH_SYS_TIME 1
| #define HAVE_SOCKLEN_T 1
| /* end confdefs.h.  */
| #include <stdio.h>
| #if HAVE_SYS_TYPES_H
| # include <sys/types.h>
| #endif
| #if HAVE_SYS_STAT_H
| # include <sys/stat.h>
| #endif
| #if STDC_HEADERS
| # include <stdlib.h>
| # include <stddef.h>
| #else
| # if HAVE_STDLIB_H
| #  include <stdlib.h>
| # endif
| #endif
| #if HAVE_STRING_H
| # if !STDC_HEADERS && HAVE_MEMORY_H
| #  include <memory.h>
| # endif
| # include <string.h>
| #endif
| #if HAVE_STRINGS_H
| # include <strings.h>
| #endif
| #if HAVE_INTTYPES_H
| # include <inttypes.h>
| #else
| # if HAVE_STDINT_H
| #  include <stdint.h>
| # endif
| #endif
| #if HAVE_UNISTD_H
| # include <unistd.h>
| #endif
| #include <util.h>
configure:7190: result: no
configure:7194: checking util.h presence
configure:7204: i486-linux-gnu-gcc -E  conftest.c
conftest.c:46:18: error: util.h: No such file or directory
configure:7210: $? = 1
configure: failed program was:
| /* confdefs.h.  */
| 
| #define PACKAGE_NAME "YTalk"
| #define PACKAGE_TARNAME "ytalk"
| #define PACKAGE_VERSION "3.3.0"
| #define PACKAGE_STRING "YTalk 3.3.0"
| #define PACKAGE_BUGREPORT ""
| #define PACKAGE "ytalk"
| #define VERSION "3.3.0"
| #define sysconfdir "/etc"
| #define SYSTEM_YTALKRC "/etc/ytalkrc"
| #define STDC_HEADERS 1
| #define HAVE_SYS_TYPES_H 1
| #define HAVE_SYS_STAT_H 1
| #define HAVE_STDLIB_H 1
| #define HAVE_STRING_H 1
| #define HAVE_MEMORY_H 1
| #define HAVE_STRINGS_H 1
| #define HAVE_INTTYPES_H 1
| #define HAVE_STDINT_H 1
| #define HAVE_UNISTD_H 1
| #define SIZEOF_LONG 4
| #define SIZEOF_U_INT 4
| #define HAVE_NCURSES_H 1
| #define HAVE_KEYPAD 1
| #define HAVE_TERMIOS_H 1
| #define STDC_HEADERS 1
| #define HAVE_SYS_WAIT_H 1
| #define HAVE_FCNTL_H 1
| #define HAVE_NETDB_H 1
| #define HAVE_NETINET_IN_H 1
| #define HAVE_SYS_IOCTL_H 1
| #define HAVE_SYS_TIME_H 1
| #define HAVE_UNISTD_H 1
| #define HAVE_STROPTS_H 1
| #define HAVE_SYS_UIO_H 1
| #define HAVE_STDLIB_H 1
| #define HAVE_STRING_H 1
| #define HAVE_SYS_PARAM_H 1
| #define HAVE_ARPA_INET_H 1
| #define HAVE_SYS_STAT_H 1
| #define RETSIGTYPE void
| #define TIME_WITH_SYS_TIME 1
| #define HAVE_SOCKLEN_T 1
| /* end confdefs.h.  */
| #include <util.h>
configure:7230: result: no
configure:7265: checking for util.h
configure:7272: result: no
configure:7289: checking for openpty
configure:7346: i486-linux-gnu-gcc -o conftest -Wall -g -O2   conftest.c  -lncurses >&5
/tmp/ccupSphp.o: In function `main':
/home2/ap/ytalk-3.3.0/conftest.c:85: undefined reference to `openpty'
/tmp/ccupSphp.o:(.data+0x0): undefined reference to `openpty'
collect2: ld returned 1 exit status
configure:7352: $? = 1
configure: failed program was:
| /* confdefs.h.  */
| 
| #define PACKAGE_NAME "YTalk"
| #define PACKAGE_TARNAME "ytalk"
| #define PACKAGE_VERSION "3.3.0"
| #define PACKAGE_STRING "YTalk 3.3.0"
| #define PACKAGE_BUGREPORT ""
| #define PACKAGE "ytalk"
| #define VERSION "3.3.0"
| #define sysconfdir "/etc"
| #define SYSTEM_YTALKRC "/etc/ytalkrc"
| #define STDC_HEADERS 1
| #define HAVE_SYS_TYPES_H 1
| #define HAVE_SYS_STAT_H 1
| #define HAVE_STDLIB_H 1
| #define HAVE_STRING_H 1
| #define HAVE_MEMORY_H 1
| #define HAVE_STRINGS_H 1
| #define HAVE_INTTYPES_H 1
| #define HAVE_STDINT_H 1
| #define HAVE_UNISTD_H 1
| #define SIZEOF_LONG 4
| #define SIZEOF_U_INT 4
| #define HAVE_NCURSES_H 1
| #define HAVE_KEYPAD 1
| #define HAVE_TERMIOS_H 1
| #define STDC_HEADERS 1
| #define HAVE_SYS_WAIT_H 1
| #define HAVE_FCNTL_H 1
| #define HAVE_NETDB_H 1
| #define HAVE_NETINET_IN_H 1
| #define HAVE_SYS_IOCTL_H 1
| #define HAVE_SYS_TIME_H 1
| #define HAVE_UNISTD_H 1
| #define HAVE_STROPTS_H 1
| #define HAVE_SYS_UIO_H 1
| #define HAVE_STDLIB_H 1
| #define HAVE_STRING_H 1
| #define HAVE_SYS_PARAM_H 1
| #define HAVE_ARPA_INET_H 1
| #define HAVE_SYS_STAT_H 1
| #define RETSIGTYPE void
| #define TIME_WITH_SYS_TIME 1
| #define HAVE_SOCKLEN_T 1
| /* end confdefs.h.  */
| /* Define openpty to an innocuous variant, in case <limits.h> declares openpty.
|    For example, HP-UX 11i <limits.h> declares gettimeofday.  */
| #define openpty innocuous_openpty
| 
| /* System header to define __stub macros and hopefully few prototypes,
|     which can conflict with char openpty (); below.
|     Prefer <limits.h> to <assert.h> if __STDC__ is defined, since
|     <limits.h> exists even on freestanding compilers.  */
| 
| #ifdef __STDC__
| # include <limits.h>
| #else
| # include <assert.h>
| #endif
| 
| #undef openpty
| 
| /* Override any gcc2 internal prototype to avoid an error.  */
| #ifdef __cplusplus
| extern "C"
| {
| #endif
| /* We use char because int might match the return type of a gcc2
|    builtin and then its argument prototype would still apply.  */
| char openpty ();
| /* The GNU C library defines this for functions which it implements
|     to always fail with ENOSYS.  Some functions are actually named
|     something starting with __ and the normal name is an alias.  */
| #if defined (__stub_openpty) || defined (__stub___openpty)
| choke me
| #else
| char (*f) () = openpty;
| #endif
| #ifdef __cplusplus
| }
| #endif
| 
| int
| main ()
| {
| return f != openpty;
|   ;
|   return 0;
| }
configure:7377: result: no
configure:7385: checking for openpty in -lutil
configure:7415: i486-linux-gnu-gcc -o conftest -Wall -g -O2   conftest.c -lutil   -lncurses >&5
configure:7421: $? = 0
configure:7425: test -z 
			 || test ! -s conftest.err
configure:7428: $? = 0
configure:7431: test -s conftest
configure:7434: $? = 0
configure:7447: result: yes
configure:7462: checking whether i486-linux-gnu-gcc needs -traditional
configure:7504: result: no
configure:7520: checking for putenv
configure:7577: i486-linux-gnu-gcc -o conftest -Wall -g -O2   conftest.c  -lncurses -lutil >&5
configure:7583: $? = 0
configure:7587: test -z 
			 || test ! -s conftest.err
configure:7590: $? = 0
configure:7593: test -s conftest
configure:7596: $? = 0
configure:7608: result: yes
configure:7520: checking for strerror
configure:7577: i486-linux-gnu-gcc -o conftest -Wall -g -O2   conftest.c  -lncurses -lutil >&5
configure:7583: $? = 0
configure:7587: test -z 
			 || test ! -s conftest.err
configure:7590: $? = 0
configure:7593: test -s conftest
configure:7596: $? = 0
configure:7608: result: yes
configure:7520: checking for ttyname
configure:7577: i486-linux-gnu-gcc -o conftest -Wall -g -O2   conftest.c  -lncurses -lutil >&5
configure:7583: $? = 0
configure:7587: test -z 
			 || test ! -s conftest.err
configure:7590: $? = 0
configure:7593: test -s conftest
configure:7596: $? = 0
configure:7608: result: yes
configure:7520: checking for ptsname
configure:7577: i486-linux-gnu-gcc -o conftest -Wall -g -O2   conftest.c  -lncurses -lutil >&5
configure:7583: $? = 0
configure:7587: test -z 
			 || test ! -s conftest.err
configure:7590: $? = 0
configure:7593: test -s conftest
configure:7596: $? = 0
configure:7608: result: yes
configure:7520: checking for grantpt
configure:7577: i486-linux-gnu-gcc -o conftest -Wall -g -O2   conftest.c  -lncurses -lutil >&5
configure:7583: $? = 0
configure:7587: test -z 
			 || test ! -s conftest.err
configure:7590: $? = 0
configure:7593: test -s conftest
configure:7596: $? = 0
configure:7608: result: yes
configure:7520: checking for unlockpt
configure:7577: i486-linux-gnu-gcc -o conftest -Wall -g -O2   conftest.c  -lncurses -lutil >&5
configure:7583: $? = 0
configure:7587: test -z 
			 || test ! -s conftest.err
configure:7590: $? = 0
configure:7593: test -s conftest
configure:7596: $? = 0
configure:7608: result: yes
configure:7624: checking for setsid
configure:7681: i486-linux-gnu-gcc -o conftest -Wall -g -O2   conftest.c  -lncurses -lutil >&5
configure:7687: $? = 0
configure:7691: test -z 
			 || test ! -s conftest.err
configure:7694: $? = 0
configure:7697: test -s conftest
configure:7700: $? = 0
configure:7712: result: yes
configure:7624: checking for tcflush
configure:7681: i486-linux-gnu-gcc -o conftest -Wall -g -O2   conftest.c  -lncurses -lutil >&5
configure:7687: $? = 0
configure:7691: test -z 
			 || test ! -s conftest.err
configure:7694: $? = 0
configure:7697: test -s conftest
configure:7700: $? = 0
configure:7712: result: yes
configure:7624: checking for snprintf
configure:7681: i486-linux-gnu-gcc -o conftest -Wall -g -O2   conftest.c  -lncurses -lutil >&5
conftest.c:79: warning: conflicting types for built-in function 'snprintf'
configure:7687: $? = 0
configure:7691: test -z 
			 || test ! -s conftest.err
configure:7694: $? = 0
configure:7697: test -s conftest
configure:7700: $? = 0
configure:7712: result: yes
configure:7728: checking for sigprocmask
configure:7785: i486-linux-gnu-gcc -o conftest -Wall -g -O2   conftest.c  -lncurses -lutil >&5
configure:7791: $? = 0
configure:7795: test -z 
			 || test ! -s conftest.err
configure:7798: $? = 0
configure:7801: test -s conftest
configure:7804: $? = 0
configure:7816: result: yes
configure:7827: checking for gethostname
configure:7884: i486-linux-gnu-gcc -o conftest -Wall -g -O2   conftest.c  -lncurses -lutil >&5
configure:7890: $? = 0
configure:7894: test -z 
			 || test ! -s conftest.err
configure:7897: $? = 0
configure:7900: test -s conftest
configure:7903: $? = 0
configure:7915: result: yes
configure:7925: checking for select
configure:7982: i486-linux-gnu-gcc -o conftest -Wall -g -O2   conftest.c  -lncurses -lutil >&5
configure:7988: $? = 0
configure:7992: test -z 
			 || test ! -s conftest.err
configure:7995: $? = 0
configure:7998: test -s conftest
configure:8001: $? = 0
configure:8013: result: yes
configure:8134: creating ./config.status

## ---------------------- ##
## Running config.status. ##
## ---------------------- ##

This file was extended by YTalk config.status 3.3.0, which was
generated by GNU Autoconf 2.59.  Invocation command line was

  CONFIG_FILES    = 
  CONFIG_HEADERS  = 
  CONFIG_LINKS    = 
  CONFIG_COMMANDS = 
  $ ./config.status 

on ikaruga.co.uk

config.status:694: creating docs/Makefile
config.status:694: creating docs/ytalk.1
config.status:694: creating test/Makefile
config.status:694: creating src/Makefile
config.status:694: creating Makefile
config.status:798: creating config.h
config.status:994: config.h is unchanged
config.status:1174: executing depfiles commands

## ---------------- ##
## Cache variables. ##
## ---------------- ##

ac_cv_c_compiler_gnu=yes
ac_cv_env_CC_set=
ac_cv_env_CC_value=
ac_cv_env_CFLAGS_set=set
ac_cv_env_CFLAGS_value='-Wall -g -O2'
ac_cv_env_CPPFLAGS_set=
ac_cv_env_CPPFLAGS_value=
ac_cv_env_CPP_set=
ac_cv_env_CPP_value=
ac_cv_env_LDFLAGS_set=
ac_cv_env_LDFLAGS_value=
ac_cv_env_build_alias_set=set
ac_cv_env_build_alias_value=i486-linux-gnu
ac_cv_env_host_alias_set=set
ac_cv_env_host_alias_value=i486-linux-gnu
ac_cv_env_target_alias_set=
ac_cv_env_target_alias_value=
ac_cv_exeext=
ac_cv_func_gethostbyname=yes
ac_cv_func_gethostname=yes
ac_cv_func_grantpt=yes
ac_cv_func_openpty=no
ac_cv_func_ptsname=yes
ac_cv_func_putenv=yes
ac_cv_func_select=yes
ac_cv_func_setsid=yes
ac_cv_func_sigprocmask=yes
ac_cv_func_snprintf=yes
ac_cv_func_socket=yes
ac_cv_func_strerror=yes
ac_cv_func_tcflush=yes
ac_cv_func_tcgetattr=yes
ac_cv_func_ttyname=yes
ac_cv_func_unlockpt=yes
ac_cv_header_arpa_inet_h=yes
ac_cv_header_fcntl_h=yes
ac_cv_header_inttypes_h=yes
ac_cv_header_iovec_h=no
ac_cv_header_memory_h=yes
ac_cv_header_ncurses_h=yes
ac_cv_header_netdb_h=yes
ac_cv_header_netinet_in_h=yes
ac_cv_header_stdc=yes
ac_cv_header_stdint_h=yes
ac_cv_header_stdlib_h=yes
ac_cv_header_string_h=yes
ac_cv_header_strings_h=yes
ac_cv_header_stropts_h=yes
ac_cv_header_sys_ioctl_h=yes
ac_cv_header_sys_param_h=yes
ac_cv_header_sys_stat_h=yes
ac_cv_header_sys_time_h=yes
ac_cv_header_sys_types_h=yes
ac_cv_header_sys_uio_h=yes
ac_cv_header_sys_wait_h=yes
ac_cv_header_termios_h=yes
ac_cv_header_time=yes
ac_cv_header_unistd_h=yes
ac_cv_header_util_h=no
ac_cv_lib_ncurses_initscr=yes
ac_cv_lib_ncurses_keypad=yes
ac_cv_lib_util_openpty=yes
ac_cv_objext=o
ac_cv_path_install='/usr/bin/install -c'
ac_cv_prog_AWK=mawk
ac_cv_prog_CC=i486-linux-gnu-gcc
ac_cv_prog_CPP='i486-linux-gnu-gcc -E'
ac_cv_prog_cc_g=yes
ac_cv_prog_cc_stdc=
ac_cv_prog_egrep='grep -E'
ac_cv_prog_gcc_traditional=no
ac_cv_prog_make_make_set=yes
ac_cv_sizeof_long=4
ac_cv_sizeof_u_int=4
ac_cv_type_long=yes
ac_cv_type_signal=void
ac_cv_type_size_t=yes
ac_cv_type_socklen_t=yes
ac_cv_type_ssize_t=yes
ac_cv_type_u_int=yes
ac_cv_type_uid_t=yes
am_cv_CC_dependencies_compiler_type=none
ytalk_cv_curses=/usr

## ----------------- ##
## Output variables. ##
## ----------------- ##

ACLOCAL='${SHELL} /home2/ap/ytalk-3.3.0/missing --run aclocal-1.9'
AMDEPBACKSLASH='\'
AMDEP_FALSE='#'
AMDEP_TRUE=''
AMTAR='${SHELL} /home2/ap/ytalk-3.3.0/missing --run tar'
AUTOCONF='${SHELL} /home2/ap/ytalk-3.3.0/missing --run autoconf'
AUTOHEADER='${SHELL} /home2/ap/ytalk-3.3.0/missing --run autoheader'
AUTOMAKE='${SHELL} /home2/ap/ytalk-3.3.0/missing --run automake-1.9'
AWK='mawk'
CC='i486-linux-gnu-gcc'
CCDEPMODE='depmode=none'
CFLAGS='-Wall -g -O2'
CPP='i486-linux-gnu-gcc -E'
CPPFLAGS=''
CYGPATH_W='echo'
DEFS='-DHAVE_CONFIG_H'
DEPDIR='.deps'
ECHO_C=''
ECHO_N='-n'
ECHO_T=''
EGREP='grep -E'
EXEEXT=''
INSTALL_DATA='${INSTALL} -m 644'
INSTALL_PROGRAM='${INSTALL}'
INSTALL_SCRIPT='${INSTALL}'
INSTALL_STRIP_PROGRAM='${SHELL} $(install_sh) -c -s'
LDFLAGS=''
LIBOBJS=''
LIBS=' -lncurses -lutil'
LTLIBOBJS=''
MAKEINFO='${SHELL} /home2/ap/ytalk-3.3.0/missing --run makeinfo'
OBJEXT='o'
PACKAGE='ytalk'
PACKAGE_BUGREPORT=''
PACKAGE_NAME='YTalk'
PACKAGE_STRING='YTalk 3.3.0'
PACKAGE_TARNAME='ytalk'
PACKAGE_VERSION='3.3.0'
PATH_SEPARATOR=':'
SET_MAKE=''
SHELL='/bin/sh'
STRIP=''
SYSTEM_DEFS=''
VERSION='3.3.0'
ac_ct_CC=''
ac_ct_STRIP=''
am__fastdepCC_FALSE=''
am__fastdepCC_TRUE='#'
am__include='include'
am__leading_dot='.'
am__quote=''
am__tar='${AMTAR} chof - "$$tardir"'
am__untar='${AMTAR} xf -'
bindir='${exec_prefix}/bin'
build_alias='i486-linux-gnu'
datadir='${prefix}/share'
exec_prefix='${prefix}'
host_alias='i486-linux-gnu'
includedir='${prefix}/include'
infodir='${prefix}/info'
install_sh='/home2/ap/ytalk-3.3.0/install-sh'
libdir='${exec_prefix}/lib'
libexecdir='${exec_prefix}/libexec'
localstatedir='${prefix}/var'
mandir='${prefix}/share/man'
mkdir_p='mkdir -p --'
oldincludedir='/usr/include'
prefix='/usr'
program_transform_name='s,x,x,'
sbindir='${exec_prefix}/sbin'
sharedstatedir='${prefix}/com'
sysconfdir='/etc'
target_alias=''

## ----------- ##
## confdefs.h. ##
## ----------- ##

#define HAVE_ARPA_INET_H 1
#define HAVE_FCNTL_H 1
#define HAVE_GRANTPT 1
#define HAVE_INTTYPES_H 1
#define HAVE_KEYPAD 1
#define HAVE_MEMORY_H 1
#define HAVE_NCURSES_H 1
#define HAVE_NETDB_H 1
#define HAVE_NETINET_IN_H 1
#define HAVE_OPENPTY 1
#define HAVE_PTSNAME 1
#define HAVE_PUTENV 1
#define HAVE_SETSID 1
#define HAVE_SIGPROCMASK 1
#define HAVE_SNPRINTF 1
#define HAVE_SOCKLEN_T 1
#define HAVE_STDINT_H 1
#define HAVE_STDLIB_H 1
#define HAVE_STDLIB_H 1
#define HAVE_STRERROR 1
#define HAVE_STRINGS_H 1
#define HAVE_STRING_H 1
#define HAVE_STRING_H 1
#define HAVE_STROPTS_H 1
#define HAVE_SYS_IOCTL_H 1
#define HAVE_SYS_PARAM_H 1
#define HAVE_SYS_STAT_H 1
#define HAVE_SYS_STAT_H 1
#define HAVE_SYS_TIME_H 1
#define HAVE_SYS_TYPES_H 1
#define HAVE_SYS_UIO_H 1
#define HAVE_SYS_WAIT_H 1
#define HAVE_TCFLUSH 1
#define HAVE_TERMIOS_H 1
#define HAVE_TTYNAME 1
#define HAVE_UNISTD_H 1
#define HAVE_UNISTD_H 1
#define HAVE_UNLOCKPT 1
#define PACKAGE "ytalk"
#define PACKAGE_BUGREPORT ""
#define PACKAGE_NAME "YTalk"
#define PACKAGE_STRING "YTalk 3.3.0"
#define PACKAGE_TARNAME "ytalk"
#define PACKAGE_VERSION "3.3.0"
#define RETSIGTYPE void
#define SIZEOF_LONG 4
#define SIZEOF_U_INT 4
#define STDC_HEADERS 1
#define STDC_HEADERS 1
#define SYSTEM_YTALKRC "/etc/ytalkrc"
#define TIME_WITH_SYS_TIME 1
#define VERSION "3.3.0"
#define sysconfdir "/etc"

configure: exit 0
